<?xml version="1.0" encoding="UTF-8"?>
<testsuite xmlns:xsi="http://www.w3.org/2001/XMLSchema-instance" xsi:noNamespaceSchemaLocation="https://maven.apache.org/surefire/maven-surefire-plugin/xsd/surefire-test-report-3.0.xsd" version="3.0" name="io.project.moviecatalogservice.MovieCatalogServiceApplicationTests" time="6.318" tests="1" errors="0" skipped="0" failures="0">
  <properties>
[...]
</properties>
  <testcase name="contextLoads" classname="io.project.moviecatalogservice.MovieCatalogServiceApplicationTests" time="1.986">
    <system-out><![CDATA[15:16:32.675 [main] INFO org.springframework.test.context.support.AnnotationConfigContextLoaderUtils -- Could not detect default configuration classes for test class [io.project.moviecatalogservice.MovieCatalogServiceApplicationTests]: MovieCatalogServiceApplicationTests does not declare any static, non-private, non-final, nested classes annotated with @Configuration.
15:16:32.927 [main] INFO org.springframework.boot.test.context.SpringBootTestContextBootstrapper -- Found @SpringBootConfiguration io.project.moviecatalogservice.MovieCatalogServiceApplication for test class io.project.moviecatalogservice.MovieCatalogServiceApplicationTests

  .   ____          _            __ _ _
 /\\ / ___'_ __ _ _(_)_ __  __ _ \ \ \ \
( ( )\___ | '_ | '_| | '_ \/ _` | \ \ \ \
 \\/  ___)| |_)| | | | | || (_| |  ) ) ) )
  '  |____| .__|_| |_|_| |_\__, | / / / /
 =========|_|==============|___/=/_/_/_/
 :: Spring Boot ::                (v3.1.3)

2023-09-29T15:16:33.858+05:30  INFO 21152 --- [           main] .p.m.MovieCatalogServiceApplicationTests : Starting MovieCatalogServiceApplicationTests using Java 21 with PID 21152 (started by Lenovo in C:\Users\Lenovo\OneDrive\Desktop\Containers\movie-catalog-service)
2023-09-29T15:16:33.862+05:30  INFO 21152 --- [           main] .p.m.MovieCatalogServiceApplicationTests : No active profile set, falling back to 1 default profile: "default"
2023-09-29T15:16:36.524+05:30  INFO 21152 --- [           main] .p.m.MovieCatalogServiceApplicationTests : Started MovieCatalogServiceApplicationTests in 3.286 seconds (process running for 5.683)
]]></system-out>
    <system-err><![CDATA[WARNING: A Java agent has been loaded dynamically (C:\Users\Lenovo\.m2\repository\net\bytebuddy\byte-buddy-agent\1.14.6\byte-buddy-agent-1.14.6.jar)
WARNING: If a serviceability tool is in use, please run with -XX:+EnableDynamicAgentLoading to hide this warning
WARNING: If a serviceability tool is not in use, please run with -Djdk.instrument.traceUsage for more information
WARNING: Dynamic loading of agents will be disallowed by default in a future release
]]></system-err>
  </testcase>
</testsuite>